<testsuites id="" name="" tests="125" failures="1" skipped="124" errors="0" time="15.066581">
<testsuite name="auth.spec.ts" timestamp="2025-08-15T00:47:36.582Z" hostname="chromium" tests="25" failures="1" skipped="24" time="45.378" errors="0">
<testcase name="Authentication Tests › User Registration › should register new user successfully" classname="auth.spec.ts" time="11.352">
<skipped>
</skipped>
</testcase>
<testcase name="Authentication Tests › User Registration › should show validation error for invalid email" classname="auth.spec.ts" time="11.325">
<failure message="auth.spec.ts:34:5 should show validation error for invalid email" type="FAILURE">
<![CDATA[  [chromium] › auth.spec.ts:34:5 › Authentication Tests › User Registration › should show validation error for invalid email 

    Error: Timed out 10000ms waiting for expect(page).toHaveURL(expected)

    Expected pattern: /register/
    Received string:  "http://localhost:3002/auth"
    Call log:
      - Expect "toHaveURL" with timeout 10000ms
        14 × unexpected value "http://localhost:3002/auth"


       at ../utils/test-helpers.ts:117

      115 |    */
      116 |   async verifyURL(expectedPath: string) {
    > 117 |     await expect(this.page).toHaveURL(new RegExp(expectedPath));
          |                             ^
      118 |   }
      119 |
      120 |   /**
        at TestHelpers.verifyURL (/Users/benjamin/campaign manager/apps/frontend/tests/utils/test-helpers.ts:117:29)
        at AuthPage.navigateToRegister (/Users/benjamin/campaign manager/apps/frontend/tests/page-objects/AuthPage.ts:58:24)
        at /Users/benjamin/campaign manager/apps/frontend/tests/e2e/auth.spec.ts:35:7

    attachment #1: screenshot (image/png) ──────────────────────────────────────────────────────────
    ../../test-results/auth-Authentication-Tests--12785-ion-error-for-invalid-email-chromium/test-failed-1.png
    ────────────────────────────────────────────────────────────────────────────────────────────────

    attachment #2: video (video/webm) ──────────────────────────────────────────────────────────────
    ../../test-results/auth-Authentication-Tests--12785-ion-error-for-invalid-email-chromium/video.webm
    ────────────────────────────────────────────────────────────────────────────────────────────────

    Error Context: ../../test-results/auth-Authentication-Tests--12785-ion-error-for-invalid-email-chromium/error-context.md
]]>
</failure>
<system-out>
<![CDATA[
[[ATTACHMENT|auth-Authentication-Tests--12785-ion-error-for-invalid-email-chromium/test-failed-1.png]]

[[ATTACHMENT|auth-Authentication-Tests--12785-ion-error-for-invalid-email-chromium/video.webm]]

[[ATTACHMENT|auth-Authentication-Tests--12785-ion-error-for-invalid-email-chromium/error-context.md]]
]]>
</system-out>
</testcase>
<testcase name="Authentication Tests › User Registration › should show error for mismatched passwords" classname="auth.spec.ts" time="11.348">
<skipped>
</skipped>
</testcase>
<testcase name="Authentication Tests › User Registration › should show error for duplicate email registration" classname="auth.spec.ts" time="11.353">
<skipped>
</skipped>
</testcase>
<testcase name="Authentication Tests › User Login › should login with valid credentials" classname="auth.spec.ts" time="0">
<skipped>
</skipped>
</testcase>
<testcase name="Authentication Tests › User Login › should show error for invalid credentials" classname="auth.spec.ts" time="0">
<skipped>
</skipped>
</testcase>
<testcase name="Authentication Tests › User Login › should show error for non-existent user" classname="auth.spec.ts" time="0">
<skipped>
</skipped>
</testcase>
<testcase name="Authentication Tests › User Login › should show validation error for empty fields" classname="auth.spec.ts" time="0">
<skipped>
</skipped>
</testcase>
<testcase name="Authentication Tests › Password Reset › should initiate password reset flow" classname="auth.spec.ts" time="0">
<skipped>
</skipped>
</testcase>
<testcase name="Authentication Tests › Password Reset › should show error for non-existent email in reset" classname="auth.spec.ts" time="0">
<skipped>
</skipped>
</testcase>
<testcase name="Authentication Tests › Password Reset › should complete password reset with valid token" classname="auth.spec.ts" time="0">
<skipped>
</skipped>
</testcase>
<testcase name="Authentication Tests › Password Reset › should show error for mismatched passwords in reset" classname="auth.spec.ts" time="0">
<skipped>
</skipped>
</testcase>
<testcase name="Authentication Tests › User Logout › should logout successfully" classname="auth.spec.ts" time="0">
<skipped>
</skipped>
</testcase>
<testcase name="Authentication Tests › Authentication Flow Navigation › should switch between login and register forms" classname="auth.spec.ts" time="0">
<skipped>
</skipped>
</testcase>
<testcase name="Authentication Tests › Authentication Flow Navigation › should remember form data when switching tabs" classname="auth.spec.ts" time="0">
<skipped>
</skipped>
</testcase>
<testcase name="Authentication Tests › Authentication Security › should not allow access to protected routes when not logged in" classname="auth.spec.ts" time="0">
<skipped>
</skipped>
</testcase>
<testcase name="Authentication Tests › Authentication Security › should not allow access to auth pages when already logged in" classname="auth.spec.ts" time="0">
<skipped>
</skipped>
</testcase>
<testcase name="Authentication Tests › Authentication Security › should handle session expiry gracefully" classname="auth.spec.ts" time="0">
<skipped>
</skipped>
</testcase>
<testcase name="Authentication Tests › Form Validation › should validate email format in registration" classname="auth.spec.ts" time="0">
<skipped>
</skipped>
</testcase>
<testcase name="Authentication Tests › Form Validation › should validate password strength" classname="auth.spec.ts" time="0">
<skipped>
</skipped>
</testcase>
<testcase name="Authentication Tests › Form Validation › should validate required fields in registration" classname="auth.spec.ts" time="0">
<skipped>
</skipped>
</testcase>
<testcase name="Authentication Tests › Accessibility › should have proper ARIA labels and roles" classname="auth.spec.ts" time="0">
<skipped>
</skipped>
</testcase>
<testcase name="Authentication Tests › Accessibility › should be keyboard navigable" classname="auth.spec.ts" time="0">
<skipped>
</skipped>
</testcase>
<testcase name="Authentication Tests › Error Handling › should handle network errors gracefully" classname="auth.spec.ts" time="0">
<skipped>
</skipped>
</testcase>
<testcase name="Authentication Tests › Error Handling › should handle server errors gracefully" classname="auth.spec.ts" time="0">
<skipped>
</skipped>
</testcase>
</testsuite>
<testsuite name="auth.spec.ts" timestamp="2025-08-15T00:47:36.582Z" hostname="firefox" tests="25" failures="0" skipped="25" time="0" errors="0">
<testcase name="Authentication Tests › User Registration › should register new user successfully" classname="auth.spec.ts" time="0">
<skipped>
</skipped>
</testcase>
<testcase name="Authentication Tests › User Registration › should show validation error for invalid email" classname="auth.spec.ts" time="0">
<skipped>
</skipped>
</testcase>
<testcase name="Authentication Tests › User Registration › should show error for mismatched passwords" classname="auth.spec.ts" time="0">
<skipped>
</skipped>
</testcase>
<testcase name="Authentication Tests › User Registration › should show error for duplicate email registration" classname="auth.spec.ts" time="0">
<skipped>
</skipped>
</testcase>
<testcase name="Authentication Tests › User Login › should login with valid credentials" classname="auth.spec.ts" time="0">
<skipped>
</skipped>
</testcase>
<testcase name="Authentication Tests › User Login › should show error for invalid credentials" classname="auth.spec.ts" time="0">
<skipped>
</skipped>
</testcase>
<testcase name="Authentication Tests › User Login › should show error for non-existent user" classname="auth.spec.ts" time="0">
<skipped>
</skipped>
</testcase>
<testcase name="Authentication Tests › User Login › should show validation error for empty fields" classname="auth.spec.ts" time="0">
<skipped>
</skipped>
</testcase>
<testcase name="Authentication Tests › Password Reset › should initiate password reset flow" classname="auth.spec.ts" time="0">
<skipped>
</skipped>
</testcase>
<testcase name="Authentication Tests › Password Reset › should show error for non-existent email in reset" classname="auth.spec.ts" time="0">
<skipped>
</skipped>
</testcase>
<testcase name="Authentication Tests › Password Reset › should complete password reset with valid token" classname="auth.spec.ts" time="0">
<skipped>
</skipped>
</testcase>
<testcase name="Authentication Tests › Password Reset › should show error for mismatched passwords in reset" classname="auth.spec.ts" time="0">
<skipped>
</skipped>
</testcase>
<testcase name="Authentication Tests › User Logout › should logout successfully" classname="auth.spec.ts" time="0">
<skipped>
</skipped>
</testcase>
<testcase name="Authentication Tests › Authentication Flow Navigation › should switch between login and register forms" classname="auth.spec.ts" time="0">
<skipped>
</skipped>
</testcase>
<testcase name="Authentication Tests › Authentication Flow Navigation › should remember form data when switching tabs" classname="auth.spec.ts" time="0">
<skipped>
</skipped>
</testcase>
<testcase name="Authentication Tests › Authentication Security › should not allow access to protected routes when not logged in" classname="auth.spec.ts" time="0">
<skipped>
</skipped>
</testcase>
<testcase name="Authentication Tests › Authentication Security › should not allow access to auth pages when already logged in" classname="auth.spec.ts" time="0">
<skipped>
</skipped>
</testcase>
<testcase name="Authentication Tests › Authentication Security › should handle session expiry gracefully" classname="auth.spec.ts" time="0">
<skipped>
</skipped>
</testcase>
<testcase name="Authentication Tests › Form Validation › should validate email format in registration" classname="auth.spec.ts" time="0">
<skipped>
</skipped>
</testcase>
<testcase name="Authentication Tests › Form Validation › should validate password strength" classname="auth.spec.ts" time="0">
<skipped>
</skipped>
</testcase>
<testcase name="Authentication Tests › Form Validation › should validate required fields in registration" classname="auth.spec.ts" time="0">
<skipped>
</skipped>
</testcase>
<testcase name="Authentication Tests › Accessibility › should have proper ARIA labels and roles" classname="auth.spec.ts" time="0">
<skipped>
</skipped>
</testcase>
<testcase name="Authentication Tests › Accessibility › should be keyboard navigable" classname="auth.spec.ts" time="0">
<skipped>
</skipped>
</testcase>
<testcase name="Authentication Tests › Error Handling › should handle network errors gracefully" classname="auth.spec.ts" time="0">
<skipped>
</skipped>
</testcase>
<testcase name="Authentication Tests › Error Handling › should handle server errors gracefully" classname="auth.spec.ts" time="0">
<skipped>
</skipped>
</testcase>
</testsuite>
<testsuite name="auth.spec.ts" timestamp="2025-08-15T00:47:36.582Z" hostname="webkit" tests="25" failures="0" skipped="25" time="0" errors="0">
<testcase name="Authentication Tests › User Registration › should register new user successfully" classname="auth.spec.ts" time="0">
<skipped>
</skipped>
</testcase>
<testcase name="Authentication Tests › User Registration › should show validation error for invalid email" classname="auth.spec.ts" time="0">
<skipped>
</skipped>
</testcase>
<testcase name="Authentication Tests › User Registration › should show error for mismatched passwords" classname="auth.spec.ts" time="0">
<skipped>
</skipped>
</testcase>
<testcase name="Authentication Tests › User Registration › should show error for duplicate email registration" classname="auth.spec.ts" time="0">
<skipped>
</skipped>
</testcase>
<testcase name="Authentication Tests › User Login › should login with valid credentials" classname="auth.spec.ts" time="0">
<skipped>
</skipped>
</testcase>
<testcase name="Authentication Tests › User Login › should show error for invalid credentials" classname="auth.spec.ts" time="0">
<skipped>
</skipped>
</testcase>
<testcase name="Authentication Tests › User Login › should show error for non-existent user" classname="auth.spec.ts" time="0">
<skipped>
</skipped>
</testcase>
<testcase name="Authentication Tests › User Login › should show validation error for empty fields" classname="auth.spec.ts" time="0">
<skipped>
</skipped>
</testcase>
<testcase name="Authentication Tests › Password Reset › should initiate password reset flow" classname="auth.spec.ts" time="0">
<skipped>
</skipped>
</testcase>
<testcase name="Authentication Tests › Password Reset › should show error for non-existent email in reset" classname="auth.spec.ts" time="0">
<skipped>
</skipped>
</testcase>
<testcase name="Authentication Tests › Password Reset › should complete password reset with valid token" classname="auth.spec.ts" time="0">
<skipped>
</skipped>
</testcase>
<testcase name="Authentication Tests › Password Reset › should show error for mismatched passwords in reset" classname="auth.spec.ts" time="0">
<skipped>
</skipped>
</testcase>
<testcase name="Authentication Tests › User Logout › should logout successfully" classname="auth.spec.ts" time="0">
<skipped>
</skipped>
</testcase>
<testcase name="Authentication Tests › Authentication Flow Navigation › should switch between login and register forms" classname="auth.spec.ts" time="0">
<skipped>
</skipped>
</testcase>
<testcase name="Authentication Tests › Authentication Flow Navigation › should remember form data when switching tabs" classname="auth.spec.ts" time="0">
<skipped>
</skipped>
</testcase>
<testcase name="Authentication Tests › Authentication Security › should not allow access to protected routes when not logged in" classname="auth.spec.ts" time="0">
<skipped>
</skipped>
</testcase>
<testcase name="Authentication Tests › Authentication Security › should not allow access to auth pages when already logged in" classname="auth.spec.ts" time="0">
<skipped>
</skipped>
</testcase>
<testcase name="Authentication Tests › Authentication Security › should handle session expiry gracefully" classname="auth.spec.ts" time="0">
<skipped>
</skipped>
</testcase>
<testcase name="Authentication Tests › Form Validation › should validate email format in registration" classname="auth.spec.ts" time="0">
<skipped>
</skipped>
</testcase>
<testcase name="Authentication Tests › Form Validation › should validate password strength" classname="auth.spec.ts" time="0">
<skipped>
</skipped>
</testcase>
<testcase name="Authentication Tests › Form Validation › should validate required fields in registration" classname="auth.spec.ts" time="0">
<skipped>
</skipped>
</testcase>
<testcase name="Authentication Tests › Accessibility › should have proper ARIA labels and roles" classname="auth.spec.ts" time="0">
<skipped>
</skipped>
</testcase>
<testcase name="Authentication Tests › Accessibility › should be keyboard navigable" classname="auth.spec.ts" time="0">
<skipped>
</skipped>
</testcase>
<testcase name="Authentication Tests › Error Handling › should handle network errors gracefully" classname="auth.spec.ts" time="0">
<skipped>
</skipped>
</testcase>
<testcase name="Authentication Tests › Error Handling › should handle server errors gracefully" classname="auth.spec.ts" time="0">
<skipped>
</skipped>
</testcase>
</testsuite>
<testsuite name="auth.spec.ts" timestamp="2025-08-15T00:47:36.582Z" hostname="Mobile Chrome" tests="25" failures="0" skipped="25" time="0" errors="0">
<testcase name="Authentication Tests › User Registration › should register new user successfully" classname="auth.spec.ts" time="0">
<skipped>
</skipped>
</testcase>
<testcase name="Authentication Tests › User Registration › should show validation error for invalid email" classname="auth.spec.ts" time="0">
<skipped>
</skipped>
</testcase>
<testcase name="Authentication Tests › User Registration › should show error for mismatched passwords" classname="auth.spec.ts" time="0">
<skipped>
</skipped>
</testcase>
<testcase name="Authentication Tests › User Registration › should show error for duplicate email registration" classname="auth.spec.ts" time="0">
<skipped>
</skipped>
</testcase>
<testcase name="Authentication Tests › User Login › should login with valid credentials" classname="auth.spec.ts" time="0">
<skipped>
</skipped>
</testcase>
<testcase name="Authentication Tests › User Login › should show error for invalid credentials" classname="auth.spec.ts" time="0">
<skipped>
</skipped>
</testcase>
<testcase name="Authentication Tests › User Login › should show error for non-existent user" classname="auth.spec.ts" time="0">
<skipped>
</skipped>
</testcase>
<testcase name="Authentication Tests › User Login › should show validation error for empty fields" classname="auth.spec.ts" time="0">
<skipped>
</skipped>
</testcase>
<testcase name="Authentication Tests › Password Reset › should initiate password reset flow" classname="auth.spec.ts" time="0">
<skipped>
</skipped>
</testcase>
<testcase name="Authentication Tests › Password Reset › should show error for non-existent email in reset" classname="auth.spec.ts" time="0">
<skipped>
</skipped>
</testcase>
<testcase name="Authentication Tests › Password Reset › should complete password reset with valid token" classname="auth.spec.ts" time="0">
<skipped>
</skipped>
</testcase>
<testcase name="Authentication Tests › Password Reset › should show error for mismatched passwords in reset" classname="auth.spec.ts" time="0">
<skipped>
</skipped>
</testcase>
<testcase name="Authentication Tests › User Logout › should logout successfully" classname="auth.spec.ts" time="0">
<skipped>
</skipped>
</testcase>
<testcase name="Authentication Tests › Authentication Flow Navigation › should switch between login and register forms" classname="auth.spec.ts" time="0">
<skipped>
</skipped>
</testcase>
<testcase name="Authentication Tests › Authentication Flow Navigation › should remember form data when switching tabs" classname="auth.spec.ts" time="0">
<skipped>
</skipped>
</testcase>
<testcase name="Authentication Tests › Authentication Security › should not allow access to protected routes when not logged in" classname="auth.spec.ts" time="0">
<skipped>
</skipped>
</testcase>
<testcase name="Authentication Tests › Authentication Security › should not allow access to auth pages when already logged in" classname="auth.spec.ts" time="0">
<skipped>
</skipped>
</testcase>
<testcase name="Authentication Tests › Authentication Security › should handle session expiry gracefully" classname="auth.spec.ts" time="0">
<skipped>
</skipped>
</testcase>
<testcase name="Authentication Tests › Form Validation › should validate email format in registration" classname="auth.spec.ts" time="0">
<skipped>
</skipped>
</testcase>
<testcase name="Authentication Tests › Form Validation › should validate password strength" classname="auth.spec.ts" time="0">
<skipped>
</skipped>
</testcase>
<testcase name="Authentication Tests › Form Validation › should validate required fields in registration" classname="auth.spec.ts" time="0">
<skipped>
</skipped>
</testcase>
<testcase name="Authentication Tests › Accessibility › should have proper ARIA labels and roles" classname="auth.spec.ts" time="0">
<skipped>
</skipped>
</testcase>
<testcase name="Authentication Tests › Accessibility › should be keyboard navigable" classname="auth.spec.ts" time="0">
<skipped>
</skipped>
</testcase>
<testcase name="Authentication Tests › Error Handling › should handle network errors gracefully" classname="auth.spec.ts" time="0">
<skipped>
</skipped>
</testcase>
<testcase name="Authentication Tests › Error Handling › should handle server errors gracefully" classname="auth.spec.ts" time="0">
<skipped>
</skipped>
</testcase>
</testsuite>
<testsuite name="auth.spec.ts" timestamp="2025-08-15T00:47:36.582Z" hostname="Mobile Safari" tests="25" failures="0" skipped="25" time="0" errors="0">
<testcase name="Authentication Tests › User Registration › should register new user successfully" classname="auth.spec.ts" time="0">
<skipped>
</skipped>
</testcase>
<testcase name="Authentication Tests › User Registration › should show validation error for invalid email" classname="auth.spec.ts" time="0">
<skipped>
</skipped>
</testcase>
<testcase name="Authentication Tests › User Registration › should show error for mismatched passwords" classname="auth.spec.ts" time="0">
<skipped>
</skipped>
</testcase>
<testcase name="Authentication Tests › User Registration › should show error for duplicate email registration" classname="auth.spec.ts" time="0">
<skipped>
</skipped>
</testcase>
<testcase name="Authentication Tests › User Login › should login with valid credentials" classname="auth.spec.ts" time="0">
<skipped>
</skipped>
</testcase>
<testcase name="Authentication Tests › User Login › should show error for invalid credentials" classname="auth.spec.ts" time="0">
<skipped>
</skipped>
</testcase>
<testcase name="Authentication Tests › User Login › should show error for non-existent user" classname="auth.spec.ts" time="0">
<skipped>
</skipped>
</testcase>
<testcase name="Authentication Tests › User Login › should show validation error for empty fields" classname="auth.spec.ts" time="0">
<skipped>
</skipped>
</testcase>
<testcase name="Authentication Tests › Password Reset › should initiate password reset flow" classname="auth.spec.ts" time="0">
<skipped>
</skipped>
</testcase>
<testcase name="Authentication Tests › Password Reset › should show error for non-existent email in reset" classname="auth.spec.ts" time="0">
<skipped>
</skipped>
</testcase>
<testcase name="Authentication Tests › Password Reset › should complete password reset with valid token" classname="auth.spec.ts" time="0">
<skipped>
</skipped>
</testcase>
<testcase name="Authentication Tests › Password Reset › should show error for mismatched passwords in reset" classname="auth.spec.ts" time="0">
<skipped>
</skipped>
</testcase>
<testcase name="Authentication Tests › User Logout › should logout successfully" classname="auth.spec.ts" time="0">
<skipped>
</skipped>
</testcase>
<testcase name="Authentication Tests › Authentication Flow Navigation › should switch between login and register forms" classname="auth.spec.ts" time="0">
<skipped>
</skipped>
</testcase>
<testcase name="Authentication Tests › Authentication Flow Navigation › should remember form data when switching tabs" classname="auth.spec.ts" time="0">
<skipped>
</skipped>
</testcase>
<testcase name="Authentication Tests › Authentication Security › should not allow access to protected routes when not logged in" classname="auth.spec.ts" time="0">
<skipped>
</skipped>
</testcase>
<testcase name="Authentication Tests › Authentication Security › should not allow access to auth pages when already logged in" classname="auth.spec.ts" time="0">
<skipped>
</skipped>
</testcase>
<testcase name="Authentication Tests › Authentication Security › should handle session expiry gracefully" classname="auth.spec.ts" time="0">
<skipped>
</skipped>
</testcase>
<testcase name="Authentication Tests › Form Validation › should validate email format in registration" classname="auth.spec.ts" time="0">
<skipped>
</skipped>
</testcase>
<testcase name="Authentication Tests › Form Validation › should validate password strength" classname="auth.spec.ts" time="0">
<skipped>
</skipped>
</testcase>
<testcase name="Authentication Tests › Form Validation › should validate required fields in registration" classname="auth.spec.ts" time="0">
<skipped>
</skipped>
</testcase>
<testcase name="Authentication Tests › Accessibility › should have proper ARIA labels and roles" classname="auth.spec.ts" time="0">
<skipped>
</skipped>
</testcase>
<testcase name="Authentication Tests › Accessibility › should be keyboard navigable" classname="auth.spec.ts" time="0">
<skipped>
</skipped>
</testcase>
<testcase name="Authentication Tests › Error Handling › should handle network errors gracefully" classname="auth.spec.ts" time="0">
<skipped>
</skipped>
</testcase>
<testcase name="Authentication Tests › Error Handling › should handle server errors gracefully" classname="auth.spec.ts" time="0">
<skipped>
</skipped>
</testcase>
</testsuite>
</testsuites>